app/build/intermediates/manifest_merge_blame_file/debug/processDebugMainManifest/manifest-merger-blame-debug-report.txt
1<?xml version="1.0" encoding="utf-8"?>
2<manifest xmlns:android="http://schemas.android.com/apk/res/android"
3    package="com.sumsokol.umphakathi"
4    android:versionCode="1"
5    android:versionName="1.0" >
6
7    <uses-sdk
8        android:minSdkVersion="26"
9        android:targetSdkVersion="36" />
10
11    <!-- Although the *SdkVersion is captured in gradle build files, this is required for non gradle builds -->
12    <!-- <uses-sdk android:minSdkVersion="21"/> -->
13    <uses-permission android:name="android.permission.ACCESS_NETWORK_STATE" />
13-->[com.google.firebase:firebase-storage:21.0.1] AndroidManifest.xml:23:5-79
13-->[com.google.firebase:firebase-storage:21.0.1] AndroidManifest.xml:23:22-76
14    <uses-permission android:name="android.permission.INTERNET" />
14-->[com.google.firebase:firebase-storage:21.0.1] AndroidManifest.xml:24:5-67
14-->[com.google.firebase:firebase-storage:21.0.1] AndroidManifest.xml:24:22-64
15    <uses-permission android:name="android.permission.WAKE_LOCK" />
15-->[com.google.android.gms:play-services-measurement:22.1.2] AndroidManifest.xml:25:5-68
15-->[com.google.android.gms:play-services-measurement:22.1.2] AndroidManifest.xml:25:22-65
16    <uses-permission android:name="com.google.android.finsky.permission.BIND_GET_INSTALL_REFERRER_SERVICE" />
16-->[com.google.android.gms:play-services-measurement:22.1.2] AndroidManifest.xml:26:5-110
16-->[com.google.android.gms:play-services-measurement:22.1.2] AndroidManifest.xml:26:22-107
17    <uses-permission android:name="com.google.android.gms.permission.AD_ID" />
17-->[com.google.android.gms:play-services-measurement-impl:22.1.2] AndroidManifest.xml:27:5-79
17-->[com.google.android.gms:play-services-measurement-impl:22.1.2] AndroidManifest.xml:27:22-76
18    <uses-permission android:name="android.permission.ACCESS_ADSERVICES_ATTRIBUTION" />
18-->[com.google.android.gms:play-services-measurement-api:22.1.2] AndroidManifest.xml:26:5-88
18-->[com.google.android.gms:play-services-measurement-api:22.1.2] AndroidManifest.xml:26:22-85
19    <uses-permission android:name="android.permission.ACCESS_ADSERVICES_AD_ID" />
19-->[com.google.android.gms:play-services-measurement-api:22.1.2] AndroidManifest.xml:27:5-82
19-->[com.google.android.gms:play-services-measurement-api:22.1.2] AndroidManifest.xml:27:22-79
20    <uses-permission android:name="com.google.android.providers.gsf.permission.READ_GSERVICES" />
20-->[com.google.android.recaptcha:recaptcha:18.5.1] AndroidManifest.xml:9:5-98
20-->[com.google.android.recaptcha:recaptcha:18.5.1] AndroidManifest.xml:9:22-95
21
22    <permission
22-->[androidx.core:core:1.18.0] AndroidManifest.xml:22:5-24:47
23        android:name="com.sumsokol.umphakathi.DYNAMIC_RECEIVER_NOT_EXPORTED_PERMISSION"
23-->[androidx.core:core:1.18.0] AndroidManifest.xml:23:9-81
24        android:protectionLevel="signature" />
24-->[androidx.core:core:1.18.0] AndroidManifest.xml:24:9-44
25
26    <uses-permission android:name="com.sumsokol.umphakathi.DYNAMIC_RECEIVER_NOT_EXPORTED_PERMISSION" />
26-->[androidx.core:core:1.18.0] AndroidManifest.xml:26:5-97
26-->[androidx.core:core:1.18.0] AndroidManifest.xml:26:22-94
27
28    <application
28-->src/main/AndroidManifest.xml:4:5-20:19
29        android:allowBackup="true"
29-->src/main/AndroidManifest.xml:5:9-35
30        android:appComponentFactory="androidx.core.app.CoreComponentFactory"
30-->[androidx.core:core:1.18.0] AndroidManifest.xml:28:18-86
31        android:debuggable="true"
32        android:extractNativeLibs="false"
33        android:icon="@mipmap/ic_launcher"
33-->src/main/AndroidManifest.xml:6:9-43
34        android:label="@string/app_name"
34-->src/main/AndroidManifest.xml:7:9-41
35        android:roundIcon="@mipmap/ic_launcher_round"
35-->src/main/AndroidManifest.xml:8:9-54
36        android:supportsRtl="true"
36-->src/main/AndroidManifest.xml:9:9-35
37        android:testOnly="true"
38        android:theme="@style/Theme.Umphakathi"
38-->src/main/AndroidManifest.xml:11:9-48
39        android:windowSoftInputMode="adjustResize" >
39-->src/main/AndroidManifest.xml:10:9-51
40        <activity
40-->src/main/AndroidManifest.xml:12:9-19:20
41            android:name="com.sumsokol.umphakathi.MainActivity"
41-->src/main/AndroidManifest.xml:13:13-41
42            android:exported="true" >
42-->src/main/AndroidManifest.xml:14:13-36
43            <intent-filter>
43-->src/main/AndroidManifest.xml:15:13-18:29
44                <action android:name="android.intent.action.MAIN" />
44-->src/main/AndroidManifest.xml:16:17-69
44-->src/main/AndroidManifest.xml:16:25-66
45
46                <category android:name="android.intent.category.LAUNCHER" />
46-->src/main/AndroidManifest.xml:17:17-77
46-->src/main/AndroidManifest.xml:17:27-74
47            </intent-filter>
48        </activity>
49
50        <service
50-->[com.google.firebase:firebase-storage-ktx:21.0.1] AndroidManifest.xml:9:9-15:19
51            android:name="com.google.firebase.components.ComponentDiscoveryService"
51-->[com.google.firebase:firebase-storage-ktx:21.0.1] AndroidManifest.xml:10:13-84
52            android:directBootAware="true"
52-->[com.google.firebase:firebase-common:21.0.0] AndroidManifest.xml:32:13-43
53            android:exported="false" >
53-->[com.google.firebase:firebase-storage-ktx:21.0.1] AndroidManifest.xml:11:13-37
54            <meta-data
54-->[com.google.firebase:firebase-storage-ktx:21.0.1] AndroidManifest.xml:12:13-14:85
55                android:name="com.google.firebase.components:com.google.firebase.storage.ktx.FirebaseStorageLegacyRegistrar"
55-->[com.google.firebase:firebase-storage-ktx:21.0.1] AndroidManifest.xml:13:17-125
56                android:value="com.google.firebase.components.ComponentRegistrar" />
56-->[com.google.firebase:firebase-storage-ktx:21.0.1] AndroidManifest.xml:14:17-82
57            <meta-data
57-->[com.google.firebase:firebase-storage:21.0.1] AndroidManifest.xml:30:13-32:85
58                android:name="com.google.firebase.components:com.google.firebase.storage.FirebaseStorageKtxRegistrar"
58-->[com.google.firebase:firebase-storage:21.0.1] AndroidManifest.xml:31:17-118
59                android:value="com.google.firebase.components.ComponentRegistrar" />
59-->[com.google.firebase:firebase-storage:21.0.1] AndroidManifest.xml:32:17-82
60            <meta-data
60-->[com.google.firebase:firebase-storage:21.0.1] AndroidManifest.xml:33:13-35:85
61                android:name="com.google.firebase.components:com.google.firebase.storage.StorageRegistrar"
61-->[com.google.firebase:firebase-storage:21.0.1] AndroidManifest.xml:34:17-107
62                android:value="com.google.firebase.components.ComponentRegistrar" />
62-->[com.google.firebase:firebase-storage:21.0.1] AndroidManifest.xml:35:17-82
63            <meta-data
63-->[com.google.firebase:firebase-firestore-ktx:25.1.1] AndroidManifest.xml:12:13-14:85
64                android:name="com.google.firebase.components:com.google.firebase.firestore.ktx.FirebaseFirestoreLegacyRegistrar"
64-->[com.google.firebase:firebase-firestore-ktx:25.1.1] AndroidManifest.xml:13:17-129
65                android:value="com.google.firebase.components.ComponentRegistrar" />
65-->[com.google.firebase:firebase-firestore-ktx:25.1.1] AndroidManifest.xml:14:17-82
66            <meta-data
66-->[com.google.firebase:firebase-firestore:25.1.1] AndroidManifest.xml:17:13-19:85
67                android:name="com.google.firebase.components:com.google.firebase.firestore.FirebaseFirestoreKtxRegistrar"
67-->[com.google.firebase:firebase-firestore:25.1.1] AndroidManifest.xml:18:17-122
68                android:value="com.google.firebase.components.ComponentRegistrar" />
68-->[com.google.firebase:firebase-firestore:25.1.1] AndroidManifest.xml:19:17-82
69            <meta-data
69-->[com.google.firebase:firebase-firestore:25.1.1] AndroidManifest.xml:20:13-22:85
70                android:name="com.google.firebase.components:com.google.firebase.firestore.FirestoreRegistrar"
70-->[com.google.firebase:firebase-firestore:25.1.1] AndroidManifest.xml:21:17-111
71                android:value="com.google.firebase.components.ComponentRegistrar" />
71-->[com.google.firebase:firebase-firestore:25.1.1] AndroidManifest.xml:22:17-82
72            <meta-data
72-->[com.google.firebase:firebase-auth-ktx:23.1.0] AndroidManifest.xml:11:13-13:85
73                android:name="com.google.firebase.components:com.google.firebase.auth.ktx.FirebaseAuthLegacyRegistrar"
73-->[com.google.firebase:firebase-auth-ktx:23.1.0] AndroidManifest.xml:12:17-119
74                android:value="com.google.firebase.components.ComponentRegistrar" />
74-->[com.google.firebase:firebase-auth-ktx:23.1.0] AndroidManifest.xml:13:17-82
75            <meta-data
75-->[com.google.firebase:firebase-auth:23.1.0] AndroidManifest.xml:69:13-71:85
76                android:name="com.google.firebase.components:com.google.firebase.auth.FirebaseAuthRegistrar"
76-->[com.google.firebase:firebase-auth:23.1.0] AndroidManifest.xml:70:17-109
77                android:value="com.google.firebase.components.ComponentRegistrar" />
77-->[com.google.firebase:firebase-auth:23.1.0] AndroidManifest.xml:71:17-82
78            <meta-data
78-->[com.google.firebase:firebase-appcheck:18.0.0] AndroidManifest.xml:25:13-27:85
79                android:name="com.google.firebase.components:com.google.firebase.appcheck.FirebaseAppCheckKtxRegistrar"
79-->[com.google.firebase:firebase-appcheck:18.0.0] AndroidManifest.xml:26:17-120
80                android:value="com.google.firebase.components.ComponentRegistrar" />
80-->[com.google.firebase:firebase-appcheck:18.0.0] AndroidManifest.xml:27:17-82
81            <meta-data
81-->[com.google.firebase:firebase-appcheck:18.0.0] AndroidManifest.xml:28:13-30:85
82                android:name="com.google.firebase.components:com.google.firebase.appcheck.FirebaseAppCheckRegistrar"
82-->[com.google.firebase:firebase-appcheck:18.0.0] AndroidManifest.xml:29:17-117
83                android:value="com.google.firebase.components.ComponentRegistrar" />
83-->[com.google.firebase:firebase-appcheck:18.0.0] AndroidManifest.xml:30:17-82
84            <meta-data
84-->[com.google.firebase:firebase-analytics-ktx:22.1.2] AndroidManifest.xml:11:13-13:85
85                android:name="com.google.firebase.components:com.google.firebase.analytics.ktx.FirebaseAnalyticsLegacyRegistrar"
85-->[com.google.firebase:firebase-analytics-ktx:22.1.2] AndroidManifest.xml:12:17-129
86                android:value="com.google.firebase.components.ComponentRegistrar" />
86-->[com.google.firebase:firebase-analytics-ktx:22.1.2] AndroidManifest.xml:13:17-82
87            <meta-data
87-->[com.google.android.gms:play-services-measurement-api:22.1.2] AndroidManifest.xml:37:13-39:85
88                android:name="com.google.firebase.components:com.google.firebase.analytics.connector.internal.AnalyticsConnectorRegistrar"
88-->[com.google.android.gms:play-services-measurement-api:22.1.2] AndroidManifest.xml:38:17-139
89                android:value="com.google.firebase.components.ComponentRegistrar" />
89-->[com.google.android.gms:play-services-measurement-api:22.1.2] AndroidManifest.xml:39:17-82
90            <meta-data
90-->[com.google.firebase:firebase-installations:18.0.0] AndroidManifest.xml:15:13-17:85
91                android:name="com.google.firebase.components:com.google.firebase.installations.FirebaseInstallationsKtxRegistrar"
91-->[com.google.firebase:firebase-installations:18.0.0] AndroidManifest.xml:16:17-130
92                android:value="com.google.firebase.components.ComponentRegistrar" />
92-->[com.google.firebase:firebase-installations:18.0.0] AndroidManifest.xml:17:17-82
93            <meta-data
93-->[com.google.firebase:firebase-installations:18.0.0] AndroidManifest.xml:18:13-20:85
94                android:name="com.google.firebase.components:com.google.firebase.installations.FirebaseInstallationsRegistrar"
94-->[com.google.firebase:firebase-installations:18.0.0] AndroidManifest.xml:19:17-127
95                android:value="com.google.firebase.components.ComponentRegistrar" />
95-->[com.google.firebase:firebase-installations:18.0.0] AndroidManifest.xml:20:17-82
96            <meta-data
96-->[com.google.firebase:firebase-common-ktx:21.0.0] AndroidManifest.xml:12:13-14:85
97                android:name="com.google.firebase.components:com.google.firebase.ktx.FirebaseCommonLegacyRegistrar"
97-->[com.google.firebase:firebase-common-ktx:21.0.0] AndroidManifest.xml:13:17-116
98                android:value="com.google.firebase.components.ComponentRegistrar" />
98-->[com.google.firebase:firebase-common-ktx:21.0.0] AndroidManifest.xml:14:17-82
99            <meta-data
99-->[com.google.firebase:firebase-common:21.0.0] AndroidManifest.xml:35:13-37:85
100                android:name="com.google.firebase.components:com.google.firebase.FirebaseCommonKtxRegistrar"
100-->[com.google.firebase:firebase-common:21.0.0] AndroidManifest.xml:36:17-109
101                android:value="com.google.firebase.components.ComponentRegistrar" />
101-->[com.google.firebase:firebase-common:21.0.0] AndroidManifest.xml:37:17-82
102        </service>
103
104        <activity
104-->[com.google.firebase:firebase-auth:23.1.0] AndroidManifest.xml:29:9-46:20
105            android:name="com.google.firebase.auth.internal.GenericIdpActivity"
105-->[com.google.firebase:firebase-auth:23.1.0] AndroidManifest.xml:30:13-80
106            android:excludeFromRecents="true"
106-->[com.google.firebase:firebase-auth:23.1.0] AndroidManifest.xml:31:13-46
107            android:exported="true"
107-->[com.google.firebase:firebase-auth:23.1.0] AndroidManifest.xml:32:13-36
108            android:launchMode="singleTask"
108-->[com.google.firebase:firebase-auth:23.1.0] AndroidManifest.xml:33:13-44
109            android:theme="@android:style/Theme.Translucent.NoTitleBar" >
109-->[com.google.firebase:firebase-auth:23.1.0] AndroidManifest.xml:34:13-72
110            <intent-filter>
110-->[com.google.firebase:firebase-auth:23.1.0] AndroidManifest.xml:35:13-45:29
111                <action android:name="android.intent.action.VIEW" />
111-->[com.google.firebase:firebase-auth:23.1.0] AndroidManifest.xml:36:17-69
111-->[com.google.firebase:firebase-auth:23.1.0] AndroidManifest.xml:36:25-66
112
113                <category android:name="android.intent.category.DEFAULT" />
113-->[com.google.firebase:firebase-auth:23.1.0] AndroidManifest.xml:38:17-76
113-->[com.google.firebase:firebase-auth:23.1.0] AndroidManifest.xml:38:27-73
114                <category android:name="android.intent.category.BROWSABLE" />
114-->[com.google.firebase:firebase-auth:23.1.0] AndroidManifest.xml:39:17-78
114-->[com.google.firebase:firebase-auth:23.1.0] AndroidManifest.xml:39:27-75
115
116                <data
116-->[com.google.firebase:firebase-auth:23.1.0] AndroidManifest.xml:41:17-44:51
117                    android:host="firebase.auth"
117-->[com.google.firebase:firebase-auth:23.1.0] AndroidManifest.xml:42:21-49
118                    android:path="/"
118-->[com.google.firebase:firebase-auth:23.1.0] AndroidManifest.xml:43:21-37
119                    android:scheme="genericidp" />
119-->[com.google.firebase:firebase-auth:23.1.0] AndroidManifest.xml:44:21-48
120            </intent-filter>
121        </activity>
122        <activity
122-->[com.google.firebase:firebase-auth:23.1.0] AndroidManifest.xml:47:9-64:20
123            android:name="com.google.firebase.auth.internal.RecaptchaActivity"
123-->[com.google.firebase:firebase-auth:23.1.0] AndroidManifest.xml:48:13-79
124            android:excludeFromRecents="true"
124-->[com.google.firebase:firebase-auth:23.1.0] AndroidManifest.xml:49:13-46
125            android:exported="true"
125-->[com.google.firebase:firebase-auth:23.1.0] AndroidManifest.xml:50:13-36
126            android:launchMode="singleTask"
126-->[com.google.firebase:firebase-auth:23.1.0] AndroidManifest.xml:51:13-44
127            android:theme="@android:style/Theme.Translucent.NoTitleBar" >
127-->[com.google.firebase:firebase-auth:23.1.0] AndroidManifest.xml:52:13-72
128            <intent-filter>
128-->[com.google.firebase:firebase-auth:23.1.0] AndroidManifest.xml:53:13-63:29
129                <action android:name="android.intent.action.VIEW" />
129-->[com.google.firebase:firebase-auth:23.1.0] AndroidManifest.xml:36:17-69
129-->[com.google.firebase:firebase-auth:23.1.0] AndroidManifest.xml:36:25-66
130
131                <category android:name="android.intent.category.DEFAULT" />
131-->[com.google.firebase:firebase-auth:23.1.0] AndroidManifest.xml:38:17-76
131-->[com.google.firebase:firebase-auth:23.1.0] AndroidManifest.xml:38:27-73
132                <category android:name="android.intent.category.BROWSABLE" />
132-->[com.google.firebase:firebase-auth:23.1.0] AndroidManifest.xml:39:17-78
132-->[com.google.firebase:firebase-auth:23.1.0] AndroidManifest.xml:39:27-75
133
134                <data
134-->[com.google.firebase:firebase-auth:23.1.0] AndroidManifest.xml:41:17-44:51
135                    android:host="firebase.auth"
135-->[com.google.firebase:firebase-auth:23.1.0] AndroidManifest.xml:42:21-49
136                    android:path="/"
136-->[com.google.firebase:firebase-auth:23.1.0] AndroidManifest.xml:43:21-37
137                    android:scheme="recaptcha" />
137-->[com.google.firebase:firebase-auth:23.1.0] AndroidManifest.xml:44:21-48
138            </intent-filter>
139        </activity>
140
141        <service
141-->[androidx.credentials:credentials-play-services-auth:1.2.0-rc01] AndroidManifest.xml:24:9-32:19
142            android:name="androidx.credentials.playservices.CredentialProviderMetadataHolder"
142-->[androidx.credentials:credentials-play-services-auth:1.2.0-rc01] AndroidManifest.xml:25:13-94
143            android:enabled="true"
143-->[androidx.credentials:credentials-play-services-auth:1.2.0-rc01] AndroidManifest.xml:26:13-35
144            android:exported="false" >
144-->[androidx.credentials:credentials-play-services-auth:1.2.0-rc01] AndroidManifest.xml:27:13-37
145            <meta-data
145-->[androidx.credentials:credentials-play-services-auth:1.2.0-rc01] AndroidManifest.xml:29:13-31:104
146                android:name="androidx.credentials.CREDENTIAL_PROVIDER_KEY"
146-->[androidx.credentials:credentials-play-services-auth:1.2.0-rc01] AndroidManifest.xml:30:17-76
147                android:value="androidx.credentials.playservices.CredentialProviderPlayServicesImpl" />
147-->[androidx.credentials:credentials-play-services-auth:1.2.0-rc01] AndroidManifest.xml:31:17-101
148        </service>
149
150        <activity
150-->[androidx.credentials:credentials-play-services-auth:1.2.0-rc01] AndroidManifest.xml:34:9-41:20
151            android:name="androidx.credentials.playservices.HiddenActivity"
151-->[androidx.credentials:credentials-play-services-auth:1.2.0-rc01] AndroidManifest.xml:35:13-76
152            android:configChanges="orientation|screenSize|screenLayout|keyboardHidden"
152-->[androidx.credentials:credentials-play-services-auth:1.2.0-rc01] AndroidManifest.xml:36:13-87
153            android:enabled="true"
153-->[androidx.credentials:credentials-play-services-auth:1.2.0-rc01] AndroidManifest.xml:37:13-35
154            android:exported="false"
154-->[androidx.credentials:credentials-play-services-auth:1.2.0-rc01] AndroidManifest.xml:38:13-37
155            android:fitsSystemWindows="true"
155-->[androidx.credentials:credentials-play-services-auth:1.2.0-rc01] AndroidManifest.xml:39:13-45
156            android:theme="@style/Theme.Hidden" >
156-->[androidx.credentials:credentials-play-services-auth:1.2.0-rc01] AndroidManifest.xml:40:13-48
157        </activity>
158        <activity
158-->[com.google.android.gms:play-services-auth:20.7.0] AndroidManifest.xml:23:9-27:75
159            android:name="com.google.android.gms.auth.api.signin.internal.SignInHubActivity"
159-->[com.google.android.gms:play-services-auth:20.7.0] AndroidManifest.xml:24:13-93
160            android:excludeFromRecents="true"
160-->[com.google.android.gms:play-services-auth:20.7.0] AndroidManifest.xml:25:13-46
161            android:exported="false"
161-->[com.google.android.gms:play-services-auth:20.7.0] AndroidManifest.xml:26:13-37
162            android:theme="@android:style/Theme.Translucent.NoTitleBar" />
162-->[com.google.android.gms:play-services-auth:20.7.0] AndroidManifest.xml:27:13-72
163        <!--
164            Service handling Google Sign-In user revocation. For apps that do not integrate with
165            Google Sign-In, this service will never be started.
166        -->
167        <service
167-->[com.google.android.gms:play-services-auth:20.7.0] AndroidManifest.xml:33:9-37:51
168            android:name="com.google.android.gms.auth.api.signin.RevocationBoundService"
168-->[com.google.android.gms:play-services-auth:20.7.0] AndroidManifest.xml:34:13-89
169            android:exported="true"
169-->[com.google.android.gms:play-services-auth:20.7.0] AndroidManifest.xml:35:13-36
170            android:permission="com.google.android.gms.auth.api.signin.permission.REVOCATION_NOTIFICATION"
170-->[com.google.android.gms:play-services-auth:20.7.0] AndroidManifest.xml:36:13-107
171            android:visibleToInstantApps="true" />
171-->[com.google.android.gms:play-services-auth:20.7.0] AndroidManifest.xml:37:13-48
172
173        <receiver
173-->[com.google.android.gms:play-services-measurement:22.1.2] AndroidManifest.xml:29:9-33:20
174            android:name="com.google.android.gms.measurement.AppMeasurementReceiver"
174-->[com.google.android.gms:play-services-measurement:22.1.2] AndroidManifest.xml:30:13-85
175            android:enabled="true"
175-->[com.google.android.gms:play-services-measurement:22.1.2] AndroidManifest.xml:31:13-35
176            android:exported="false" >
176-->[com.google.android.gms:play-services-measurement:22.1.2] AndroidManifest.xml:32:13-37
177        </receiver>
178
179        <service
179-->[com.google.android.gms:play-services-measurement:22.1.2] AndroidManifest.xml:35:9-38:40
180            android:name="com.google.android.gms.measurement.AppMeasurementService"
180-->[com.google.android.gms:play-services-measurement:22.1.2] AndroidManifest.xml:36:13-84
181            android:enabled="true"
181-->[com.google.android.gms:play-services-measurement:22.1.2] AndroidManifest.xml:37:13-35
182            android:exported="false" />
182-->[com.google.android.gms:play-services-measurement:22.1.2] AndroidManifest.xml:38:13-37
183        <service
183-->[com.google.android.gms:play-services-measurement:22.1.2] AndroidManifest.xml:39:9-43:72
184            android:name="com.google.android.gms.measurement.AppMeasurementJobService"
184-->[com.google.android.gms:play-services-measurement:22.1.2] AndroidManifest.xml:40:13-87
185            android:enabled="true"
185-->[com.google.android.gms:play-services-measurement:22.1.2] AndroidManifest.xml:41:13-35
186            android:exported="false"
186-->[com.google.android.gms:play-services-measurement:22.1.2] AndroidManifest.xml:42:13-37
187            android:permission="android.permission.BIND_JOB_SERVICE" />
187-->[com.google.android.gms:play-services-measurement:22.1.2] AndroidManifest.xml:43:13-69
188
189        <activity
189-->[com.google.android.gms:play-services-base:18.5.0] AndroidManifest.xml:5:9-173
190            android:name="com.google.android.gms.common.api.GoogleApiActivity"
190-->[com.google.android.gms:play-services-base:18.5.0] AndroidManifest.xml:5:19-85
191            android:exported="false"
191-->[com.google.android.gms:play-services-base:18.5.0] AndroidManifest.xml:5:146-170
192            android:theme="@android:style/Theme.Translucent.NoTitleBar" />
192-->[com.google.android.gms:play-services-base:18.5.0] AndroidManifest.xml:5:86-145
193
194        <property
194-->[com.google.android.gms:play-services-measurement-api:22.1.2] AndroidManifest.xml:30:9-32:61
195            android:name="android.adservices.AD_SERVICES_CONFIG"
195-->[com.google.android.gms:play-services-measurement-api:22.1.2] AndroidManifest.xml:31:13-65
196            android:resource="@xml/ga_ad_services_config" />
196-->[com.google.android.gms:play-services-measurement-api:22.1.2] AndroidManifest.xml:32:13-58
197
198        <provider
198-->[com.google.firebase:firebase-common:21.0.0] AndroidManifest.xml:23:9-28:39
199            android:name="com.google.firebase.provider.FirebaseInitProvider"
199-->[com.google.firebase:firebase-common:21.0.0] AndroidManifest.xml:24:13-77
200            android:authorities="com.sumsokol.umphakathi.firebaseinitprovider"
200-->[com.google.firebase:firebase-common:21.0.0] AndroidManifest.xml:25:13-72
201            android:directBootAware="true"
201-->[com.google.firebase:firebase-common:21.0.0] AndroidManifest.xml:26:13-43
202            android:exported="false"
202-->[com.google.firebase:firebase-common:21.0.0] AndroidManifest.xml:27:13-37
203            android:initOrder="100" />
203-->[com.google.firebase:firebase-common:21.0.0] AndroidManifest.xml:28:13-36
204
205        <service
205-->[androidx.room:room-runtime-android:2.7.0-alpha13] AndroidManifest.xml:24:9-28:63
206            android:name="androidx.room.MultiInstanceInvalidationService"
206-->[androidx.room:room-runtime-android:2.7.0-alpha13] AndroidManifest.xml:25:13-74
207            android:directBootAware="true"
207-->[androidx.room:room-runtime-android:2.7.0-alpha13] AndroidManifest.xml:26:13-43
208            android:exported="false" />
208-->[androidx.room:room-runtime-android:2.7.0-alpha13] AndroidManifest.xml:27:13-37
209
210        <activity
210-->[androidx.compose.ui:ui-tooling-android:1.10.6] AndroidManifest.xml:23:9-25:39
211            android:name="androidx.compose.ui.tooling.PreviewActivity"
211-->[androidx.compose.ui:ui-tooling-android:1.10.6] AndroidManifest.xml:24:13-71
212            android:exported="true" />
212-->[androidx.compose.ui:ui-tooling-android:1.10.6] AndroidManifest.xml:25:13-36
213
214        <provider
214-->[androidx.emoji2:emoji2:1.4.0] AndroidManifest.xml:24:9-32:20
215            android:name="androidx.startup.InitializationProvider"
215-->[androidx.emoji2:emoji2:1.4.0] AndroidManifest.xml:25:13-67
216            android:authorities="com.sumsokol.umphakathi.androidx-startup"
216-->[androidx.emoji2:emoji2:1.4.0] AndroidManifest.xml:26:13-68
217            android:exported="false" >
217-->[androidx.emoji2:emoji2:1.4.0] AndroidManifest.xml:27:13-37
218            <meta-data
218-->[androidx.emoji2:emoji2:1.4.0] AndroidManifest.xml:29:13-31:52
219                android:name="androidx.emoji2.text.EmojiCompatInitializer"
219-->[androidx.emoji2:emoji2:1.4.0] AndroidManifest.xml:30:17-75
220                android:value="androidx.startup" />
220-->[androidx.emoji2:emoji2:1.4.0] AndroidManifest.xml:31:17-49
221            <meta-data
221-->[androidx.lifecycle:lifecycle-process:2.10.0] AndroidManifest.xml:29:13-31:52
222                android:name="androidx.lifecycle.ProcessLifecycleInitializer"
222-->[androidx.lifecycle:lifecycle-process:2.10.0] AndroidManifest.xml:30:17-78
223                android:value="androidx.startup" />
223-->[androidx.lifecycle:lifecycle-process:2.10.0] AndroidManifest.xml:31:17-49
224            <meta-data
224-->[androidx.profileinstaller:profileinstaller:1.4.0] AndroidManifest.xml:29:13-31:52
225                android:name="androidx.profileinstaller.ProfileInstallerInitializer"
225-->[androidx.profileinstaller:profileinstaller:1.4.0] AndroidManifest.xml:30:17-85
226                android:value="androidx.startup" />
226-->[androidx.profileinstaller:profileinstaller:1.4.0] AndroidManifest.xml:31:17-49
227        </provider>
228
229        <uses-library
229-->[androidx.window:window:1.5.0] AndroidManifest.xml:23:9-25:40
230            android:name="androidx.window.extensions"
230-->[androidx.window:window:1.5.0] AndroidManifest.xml:24:13-54
231            android:required="false" />
231-->[androidx.window:window:1.5.0] AndroidManifest.xml:25:13-37
232        <uses-library
232-->[androidx.window:window:1.5.0] AndroidManifest.xml:26:9-28:40
233            android:name="androidx.window.sidecar"
233-->[androidx.window:window:1.5.0] AndroidManifest.xml:27:13-51
234            android:required="false" />
234-->[androidx.window:window:1.5.0] AndroidManifest.xml:28:13-37
235        <uses-library
235-->[androidx.privacysandbox.ads:ads-adservices:1.0.0-beta05] AndroidManifest.xml:23:9-25:40
236            android:name="android.ext.adservices"
236-->[androidx.privacysandbox.ads:ads-adservices:1.0.0-beta05] AndroidManifest.xml:24:13-50
237            android:required="false" />
237-->[androidx.privacysandbox.ads:ads-adservices:1.0.0-beta05] AndroidManifest.xml:25:13-37
238
239        <meta-data
239-->[com.google.android.gms:play-services-basement:18.4.0] AndroidManifest.xml:6:9-122
240            android:name="com.google.android.gms.version"
240-->[com.google.android.gms:play-services-basement:18.4.0] AndroidManifest.xml:6:20-65
241            android:value="@integer/google_play_services_version" />
241-->[com.google.android.gms:play-services-basement:18.4.0] AndroidManifest.xml:6:66-119
242
243        <activity
243-->[androidx.compose.ui:ui-test-manifest:1.10.6] AndroidManifest.xml:23:9-26:79
244            android:name="androidx.activity.ComponentActivity"
244-->[androidx.compose.ui:ui-test-manifest:1.10.6] AndroidManifest.xml:24:13-63
245            android:exported="true"
245-->[androidx.compose.ui:ui-test-manifest:1.10.6] AndroidManifest.xml:25:13-36
246            android:theme="@android:style/Theme.Material.Light.NoActionBar" />
246-->[androidx.compose.ui:ui-test-manifest:1.10.6] AndroidManifest.xml:26:13-76
247
248        <receiver
248-->[androidx.profileinstaller:profileinstaller:1.4.0] AndroidManifest.xml:34:9-52:20
249            android:name="androidx.profileinstaller.ProfileInstallReceiver"
249-->[androidx.profileinstaller:profileinstaller:1.4.0] AndroidManifest.xml:35:13-76